KEY S
REFRESH
KEY S
REFRESH
KEY S
REFRESH
KEY S
REFRESH
KEY S
REFRESH
KEY S
REFRESH
KEY S
REFRESH
KEY S
REFRESH
KEY D
REFRESH
KEY D
REFRESH
KEY D
REFRESH
KEY D
REFRESH
KEY D
REFRESH
KEY D
REFRESH
KEY D
REFRESH
KEY D
REFRESH
KEY D
REFRESH
KEY A
REFRESH
KEY A
REFRESH
KEY A
Killing 0 pacman

REFRESH
=== [24737] LEVEL INFO ===
Dimensions: 12 x 12
Tempo: 5
Pacman file: 
Monster files (2):
  - 
  - 

=== BOARD ===
WWWWWWWWWWWW
W          W
W          W
W          W
W          W
W          W
W          W
W          W
W        M W
W      M   W
W          W
WWWWWWWWWWWW
==================
